Start testing: Sep 23 00:33 MSK
----------------------------------------------------------
1/2 Testing: target_cxx_17_test
1/2 Test: target_cxx_17_test
Command: "/mnt/E-1.5/projects/c++/github_actions_test/cmake-build-tests/target_cxx_17_test"
Directory: /mnt/E-1.5/projects/c++/github_actions_test/cmake-build-tests
"target_cxx_17_test" start time: Sep 23 00:33 MSK
Output:
----------------------------------------------------------
Hell
Hell
Hello from some thread
<end of output>
Test time =   0.00 sec
----------------------------------------------------------
Test Passed.
"target_cxx_17_test" end time: Sep 23 00:33 MSK
"target_cxx_17_test" time elapsed: 00:00:00
----------------------------------------------------------

2/2 Testing: target_cxx_20_test
2/2 Test: target_cxx_20_test
Command: "/mnt/E-1.5/projects/c++/github_actions_test/cmake-build-tests/target_cxx_20_test"
Directory: /mnt/E-1.5/projects/c++/github_actions_test/cmake-build-tests
"target_cxx_20_test" start time: Sep 23 00:33 MSK
Output:
----------------------------------------------------------
Hell
Hell
Hello from some thread
<end of output>
Test time =   0.00 sec
----------------------------------------------------------
Test Passed.
"target_cxx_20_test" end time: Sep 23 00:33 MSK
"target_cxx_20_test" time elapsed: 00:00:00
----------------------------------------------------------

End testing: Sep 23 00:33 MSK
